c:\users\akasakiharuka\donkeyakasaki\donkeykongakasaki\donkeyko.09c43be0\x64\debug\vc143.pdb
c:\users\akasakiharuka\donkeyakasaki\donkeykongakasaki\donkeyko.09c43be0\x64\debug\vc143.idb
c:\users\akasakiharuka\donkeyakasaki\donkeykongakasaki\donkeyko.09c43be0\x64\debug\vec2.obj
c:\users\akasakiharuka\donkeyakasaki\donkeykongakasaki\donkeyko.09c43be0\x64\debug\scenemain.obj
c:\users\akasakiharuka\donkeyakasaki\donkeykongakasaki\donkeyko.09c43be0\x64\debug\player.obj
c:\users\akasakiharuka\donkeyakasaki\donkeykongakasaki\donkeyko.09c43be0\x64\debug\pad.obj
c:\users\akasakiharuka\donkeyakasaki\donkeykongakasaki\donkeyko.09c43be0\x64\debug\main.obj
c:\users\akasakiharuka\donkeyakasaki\donkeykongakasaki\donkeyko.09c43be0\x64\debug\enemy.obj
c:\users\akasakiharuka\donkeyakasaki\donkeykongakasaki\donkeyko.09c43be0\x64\debug\character.obj
c:\users\akasakiharuka\donkeyakasaki\donkeykongakasaki\x64\debug\donkeykongakasaki.exe
c:\users\akasakiharuka\donkeyakasaki\donkeykongakasaki\x64\debug\donkeykongakasaki.pdb
c:\users\akasakiharuka\donkeyakasaki\donkeykongakasaki\donkeyko.09c43be0\x64\debug\donkeykongakasaki.ilk
c:\users\akasakiharuka\donkeyakasaki\donkeykongakasaki\donkeyko.09c43be0\x64\debug\donkeyko.09c43be0.tlog\cl.command.1.tlog
c:\users\akasakiharuka\donkeyakasaki\donkeykongakasaki\donkeyko.09c43be0\x64\debug\donkeyko.09c43be0.tlog\cl.items.tlog
c:\users\akasakiharuka\donkeyakasaki\donkeykongakasaki\donkeyko.09c43be0\x64\debug\donkeyko.09c43be0.tlog\cl.read.1.tlog
c:\users\akasakiharuka\donkeyakasaki\donkeykongakasaki\donkeyko.09c43be0\x64\debug\donkeyko.09c43be0.tlog\cl.write.1.tlog
c:\users\akasakiharuka\donkeyakasaki\donkeykongakasaki\donkeyko.09c43be0\x64\debug\donkeyko.09c43be0.tlog\link.command.1.tlog
c:\users\akasakiharuka\donkeyakasaki\donkeykongakasaki\donkeyko.09c43be0\x64\debug\donkeyko.09c43be0.tlog\link.read.1.tlog
c:\users\akasakiharuka\donkeyakasaki\donkeykongakasaki\donkeyko.09c43be0\x64\debug\donkeyko.09c43be0.tlog\link.secondary.1.tlog
c:\users\akasakiharuka\donkeyakasaki\donkeykongakasaki\donkeyko.09c43be0\x64\debug\donkeyko.09c43be0.tlog\link.write.1.tlog
